<?xml version="1.0" encoding="UTF-8"?>
<!-- Generated by org.testng.reporters.JUnitXMLReporter -->
<testsuite ignored="0" hostname="ULTP813" failures="0" tests="6" name="Default test" time="0.072" errors="0" timestamp="2023-02-06T13:22:34 IST">
  <testcase classname="MagnetoTest.MagnetoApplicationTest" name="@BeforeTest browser" time="-1.675669954105E9">
    <failure type="org.testng.TestNGException" message="
Parameter &amp;apos;browser&amp;apos; is required by BeforeTest on method browser but has not been marked @Optional or defined
in C:\Users\rajashrees\AppData\Local\Temp\testng-eclipse-1555880986\testng-customsuite.xml">
      <![CDATA[org.testng.TestNGException: 
Parameter 'browser' is required by BeforeTest on method browser but has not been marked @Optional or defined
in C:\Users\rajashrees\AppData\Local\Temp\testng-eclipse-1555880986\testng-customsuite.xml
at org.testng.internal.Parameters.createParams(Parameters.java:270)
at org.testng.internal.Parameters.createParametersForMethod(Parameters.java:358)
at org.testng.internal.Parameters.createParameters(Parameters.java:700)
at org.testng.internal.Parameters.createConfigurationParameters(Parameters.java:168)
at org.testng.internal.ConfigInvoker.invokeConfigurations(ConfigInvoker.java:302)
at org.testng.TestRunner.invokeTestConfigurations(TestRunner.java:637)
at org.testng.TestRunner.beforeRun(TestRunner.java:627)
at org.testng.TestRunner.run(TestRunner.java:589)
at org.testng.SuiteRunner.runTest(SuiteRunner.java:377)
at org.testng.SuiteRunner.runSequentially(SuiteRunner.java:371)
at org.testng.SuiteRunner.privateRun(SuiteRunner.java:332)
at org.testng.SuiteRunner.run(SuiteRunner.java:276)
at org.testng.SuiteRunnerWorker.runSuite(SuiteRunnerWorker.java:53)
at org.testng.SuiteRunnerWorker.run(SuiteRunnerWorker.java:96)
at org.testng.TestNG.runSuitesSequentially(TestNG.java:1212)
at org.testng.TestNG.runSuitesLocally(TestNG.java:1134)
at org.testng.TestNG.runSuites(TestNG.java:1063)
at org.testng.TestNG.run(TestNG.java:1031)
at org.testng.remote.AbstractRemoteTestNG.run(AbstractRemoteTestNG.java:115)
at org.testng.remote.RemoteTestNG.initAndRun(RemoteTestNG.java:251)
at org.testng.remote.RemoteTestNG.main(RemoteTestNG.java:77)
]]>
    </failure>
  </testcase> <!-- @BeforeTest browser -->
  <testcase classname="MagnetoTest.MagnetoApplicationTest" name="@AfterTest Close" time="-1.67566995417E9">
    <skipped/>
  </testcase> <!-- @AfterTest Close -->
  <testcase classname="MagnetoTest.MagnetoApplicationTest" name="chooseProduct" time="0.0">
    <skipped/>
  </testcase> <!-- chooseProduct -->
  <testcase classname="MagnetoTest.MagnetoApplicationTest" name="selectProduct" time="0.0">
    <skipped/>
  </testcase> <!-- selectProduct -->
  <testcase classname="MagnetoTest.MagnetoApplicationTest" name="AddToCart" time="0.0">
    <skipped/>
  </testcase> <!-- AddToCart -->
  <testcase classname="MagnetoTest.MagnetoApplicationTest" name="Shippingcart" time="0.0">
    <skipped/>
  </testcase> <!-- Shippingcart -->
  <testcase classname="MagnetoTest.MagnetoApplicationTest" name="FillShippingData" time="0.0">
    <skipped/>
  </testcase> <!-- FillShippingData -->
  <testcase classname="MagnetoTest.MagnetoApplicationTest" name="VerifyOrderSummary" time="0.0">
    <skipped/>
  </testcase> <!-- VerifyOrderSummary -->
</testsuite> <!-- Default test -->
